Start testing: Dec 01 22:58 MSK
----------------------------------------------------------
1/2 Testing: Example_test_scenario_0
1/2 Test: Example_test_scenario_0
Command: "/home/airat/20252026-215-autumn/template/out/bin/Example_selftest" "bin/test/test_scenario_01.txt"
Directory: /home/airat/20252026-215-autumn/template/out
"Example_test_scenario_0" start time: Dec 01 22:58 MSK
Output:
----------------------------------------------------------
3
<end of output>
Test time =   0.01 sec
----------------------------------------------------------
Test Passed.
"Example_test_scenario_0" end time: Dec 01 22:58 MSK
"Example_test_scenario_0" time elapsed: 00:00:00
----------------------------------------------------------

2/2 Testing: Example_test_scenario_1
2/2 Test: Example_test_scenario_1
Command: "/home/airat/20252026-215-autumn/template/out/bin/Example_selftest" "bin/test/test_scenario_02.txt"
Directory: /home/airat/20252026-215-autumn/template/out
"Example_test_scenario_1" start time: Dec 01 22:58 MSK
Output:
----------------------------------------------------------
0
<end of output>
Test time =   0.01 sec
----------------------------------------------------------
Test Passed.
"Example_test_scenario_1" end time: Dec 01 22:58 MSK
"Example_test_scenario_1" time elapsed: 00:00:00
----------------------------------------------------------

End testing: Dec 01 22:58 MSK
